<?xml version="1.0" encoding="UTF-8"?>
<!-- Generated by org.testng.reporters.JUnitReportReporter -->
<testsuite hostname="LAPTOP-CO0MISR0" failures="0" tests="4" name="cucumberOptions.TestNgTestRunner" time="44.310" errors="0" timestamp="2023-08-29T16:41:34 IST" skipped="0">
  <testcase classname="cucumberOptions.TestNgTestRunner" name="runScenario" time="11.619"/>
  <testcase classname="cucumberOptions.TestNgTestRunner" name="runScenario" time="11.724"/>
  <testcase classname="cucumberOptions.TestNgTestRunner" name="runScenario" time="9.272"/>
  <testcase classname="cucumberOptions.TestNgTestRunner" name="runScenario" time="11.695"/>
</testsuite> <!-- cucumberOptions.TestNgTestRunner -->
